# JRE version: Java(TM) SE Runtime Environment (8.0_201-b09) (build 1.8.0_201-b09)
# Java VM: Java HotSpot(TM) 64-Bit Server VM (25.201-b09 mixed mode windows-amd64 compressed oops)
Heap:
 PSYoungGen      total 218112K, used 50347K [0x000000076b300000, 0x0000000779900000, 0x00000007c0000000)
  eden space 207360K, 24% used [0x000000076b300000,0x000000076e42ad30,0x0000000777d80000)
  from space 10752K, 0% used [0x0000000778800000,0x0000000778800000,0x0000000779280000)
  to   space 10752K, 0% used [0x0000000777d80000,0x0000000777d80000,0x0000000778800000)
 ParOldGen       total 99840K, used 13594K [0x00000006c1800000, 0x00000006c7980000, 0x000000076b300000)
  object space 99840K, 13% used [0x00000006c1800000,0x00000006c2546868,0x00000006c7980000)
 Metaspace       used 36889K, capacity 39549K, committed 39552K, reserved 1083392K
  class space    used 4766K, capacity 5248K, committed 5248K, reserved 1048576K
GC Heap History (10 events):
Event: 6.779 GC heap before
{Heap before GC invocations=2 (full 0):
 PSYoungGen      total 76288K, used 69184K [0x000000076b300000, 0x0000000774800000, 0x00000007c0000000)
  eden space 65536K, 94% used [0x000000076b300000,0x000000076ef5a930,0x000000076f300000)
  from space 10752K, 68% used [0x000000076f300000,0x000000076fa35a30,0x000000076fd80000)
  to   space 10752K, 0% used [0x0000000773d80000,0x0000000773d80000,0x0000000774800000)
 ParOldGen       total 175104K, used 0K [0x00000006c1800000, 0x00000006cc300000, 0x000000076b300000)
  object space 175104K, 0% used [0x00000006c1800000,0x00000006c1800000,0x00000006cc300000)
 Metaspace       used 19757K, capacity 21180K, committed 21296K, reserved 1067008K
  class space    used 2587K, capacity 2880K, committed 2944K, reserved 1048576K
Event: 6.802 GC heap after
Heap after GC invocations=2 (full 0):
 PSYoungGen      total 141824K, used 10102K [0x000000076b300000, 0x0000000774800000, 0x00000007c0000000)
  eden space 131072K, 0% used [0x000000076b300000,0x000000076b300000,0x0000000773300000)
  from space 10752K, 93% used [0x0000000773d80000,0x000000077475da00,0x0000000774800000)
  to   space 10752K, 0% used [0x0000000773300000,0x0000000773300000,0x0000000773d80000)
 ParOldGen       total 175104K, used 88K [0x00000006c1800000, 0x00000006cc300000, 0x000000076b300000)
  object space 175104K, 0% used [0x00000006c1800000,0x00000006c1816010,0x00000006cc300000)
 Metaspace       used 19757K, capacity 21180K, committed 21296K, reserved 1067008K
  class space    used 2587K, capacity 2880K, committed 2944K, reserved 1048576K
}
Event: 6.803 GC heap before
{Heap before GC invocations=3 (full 1):
 PSYoungGen      total 141824K, used 10102K [0x000000076b300000, 0x0000000774800000, 0x00000007c0000000)
  eden space 131072K, 0% used [0x000000076b300000,0x000000076b300000,0x0000000773300000)
  from space 10752K, 93% used [0x0000000773d80000,0x000000077475da00,0x0000000774800000)
  to   space 10752K, 0% used [0x0000000773300000,0x0000000773300000,0x0000000773d80000)
 ParOldGen       total 175104K, used 88K [0x00000006c1800000, 0x00000006cc300000, 0x000000076b300000)
  object space 175104K, 0% used [0x00000006c1800000,0x00000006c1816010,0x00000006cc300000)
 Metaspace       used 19757K, capacity 21180K, committed 21296K, reserved 1067008K
  class space    used 2587K, capacity 2880K, committed 2944K, reserved 1048576K
Event: 6.915 GC heap after
Heap after GC invocations=3 (full 1):
 PSYoungGen      total 141824K, used 0K [0x000000076b300000, 0x0000000774800000, 0x00000007c0000000)
  eden space 131072K, 0% used [0x000000076b300000,0x000000076b300000,0x0000000773300000)
  from space 10752K, 0% used [0x0000000773d80000,0x0000000773d80000,0x0000000774800000)
  to   space 10752K, 0% used [0x0000000773300000,0x0000000773300000,0x0000000773d80000)
 ParOldGen       total 99840K, used 9751K [0x00000006c1800000, 0x00000006c7980000, 0x000000076b300000)
  object space 99840K, 9% used [0x00000006c1800000,0x00000006c2185ed8,0x00000006c7980000)
 Metaspace       used 19757K, capacity 21180K, committed 21296K, reserved 1067008K
  class space    used 2587K, capacity 2880K, committed 2944K, reserved 1048576K
}
Event: 10.296 GC heap before
{Heap before GC invocations=4 (full 1):
 PSYoungGen      total 141824K, used 131072K [0x000000076b300000, 0x0000000774800000, 0x00000007c0000000)
  eden space 131072K, 100% used [0x000000076b300000,0x0000000773300000,0x0000000773300000)
  from space 10752K, 0% used [0x0000000773d80000,0x0000000773d80000,0x0000000774800000)
  to   space 10752K, 0% used [0x0000000773300000,0x0000000773300000,0x0000000773d80000)
 ParOldGen       total 99840K, used 9751K [0x00000006c1800000, 0x00000006c7980000, 0x000000076b300000)
  object space 99840K, 9% used [0x00000006c1800000,0x00000006c2185ed8,0x00000006c7980000)
 Metaspace       used 29032K, capacity 31148K, committed 31360K, reserved 1077248K
  class space    used 3807K, capacity 4218K, committed 4224K, reserved 1048576K
Event: 10.331 GC heap after
Heap after GC invocations=4 (full 1):
 PSYoungGen      total 141824K, used 10733K [0x000000076b300000, 0x0000000779280000, 0x00000007c0000000)
  eden space 131072K, 0% used [0x000000076b300000,0x000000076b300000,0x0000000773300000)
  from space 10752K, 99% used [0x0000000773300000,0x0000000773d7b510,0x0000000773d80000)
  to   space 10752K, 0% used [0x0000000778800000,0x0000000778800000,0x0000000779280000)
 ParOldGen       total 99840K, used 11626K [0x00000006c1800000, 0x00000006c7980000, 0x000000076b300000)
  object space 99840K, 11% used [0x00000006c1800000,0x00000006c235a830,0x00000006c7980000)
 Metaspace       used 29032K, capacity 31148K, committed 31360K, reserved 1077248K
  class space    used 3807K, capacity 4218K, committed 4224K, reserved 1048576K
}
Event: 11.826 GC heap before
{Heap before GC invocations=5 (full 1):
 PSYoungGen      total 141824K, used 69019K [0x000000076b300000, 0x0000000779280000, 0x00000007c0000000)
  eden space 131072K, 44% used [0x000000076b300000,0x000000076ebeb990,0x0000000773300000)
  from space 10752K, 99% used [0x0000000773300000,0x0000000773d7b510,0x0000000773d80000)
  to   space 10752K, 0% used [0x0000000778800000,0x0000000778800000,0x0000000779280000)
 ParOldGen       total 99840K, used 11626K [0x00000006c1800000, 0x00000006c7980000, 0x000000076b300000)
  object space 99840K, 11% used [0x00000006c1800000,0x00000006c235a830,0x00000006c7980000)
 Metaspace       used 33249K, capacity 35414K, committed 35456K, reserved 1079296K
  class space    used 4311K, capacity 4715K, committed 4736K, reserved 1048576K
Event: 11.895 GC heap after
Heap after GC invocations=5 (full 1):
 PSYoungGen      total 218112K, used 8506K [0x000000076b300000, 0x0000000779900000, 0x00000007c0000000)
  eden space 207360K, 0% used [0x000000076b300000,0x000000076b300000,0x0000000777d80000)
  from space 10752K, 79% used [0x0000000778800000,0x000000077904e928,0x0000000779280000)
  to   space 10752K, 0% used [0x0000000777d80000,0x0000000777d80000,0x0000000778800000)
 ParOldGen       total 99840K, used 11634K [0x00000006c1800000, 0x00000006c7980000, 0x000000076b300000)
  object space 99840K, 11% used [0x00000006c1800000,0x00000006c235c830,0x00000006c7980000)
 Metaspace       used 33249K, capacity 35414K, committed 35456K, reserved 1079296K
  class space    used 4311K, capacity 4715K, committed 4736K, reserved 1048576K
}
Event: 11.896 GC heap before
{Heap before GC invocations=6 (full 2):
 PSYoungGen      total 218112K, used 8506K [0x000000076b300000, 0x0000000779900000, 0x00000007c0000000)
  eden space 207360K, 0% used [0x000000076b300000,0x000000076b300000,0x0000000777d80000)
  from space 10752K, 79% used [0x0000000778800000,0x000000077904e928,0x0000000779280000)
  to   space 10752K, 0% used [0x0000000777d80000,0x0000000777d80000,0x0000000778800000)
 ParOldGen       total 99840K, used 11634K [0x00000006c1800000, 0x00000006c7980000, 0x000000076b300000)
  object space 99840K, 11% used [0x00000006c1800000,0x00000006c235c830,0x00000006c7980000)
 Metaspace       used 33249K, capacity 35414K, committed 35456K, reserved 1079296K
  class space    used 4311K, capacity 4715K, committed 4736K, reserved 1048576K
Event: 11.994 GC heap after
Heap after GC invocations=6 (full 2):
 PSYoungGen      total 218112K, used 0K [0x000000076b300000, 0x0000000779900000, 0x00000007c0000000)
  eden space 207360K, 0% used [0x000000076b300000,0x000000076b300000,0x0000000777d80000)
  from space 10752K, 0% used [0x0000000778800000,0x0000000778800000,0x0000000779280000)
  to   space 10752K, 0% used [0x0000000777d80000,0x0000000777d80000,0x0000000778800000)
 ParOldGen       total 99840K, used 13594K [0x00000006c1800000, 0x00000006c7980000, 0x000000076b300000)
  object space 99840K, 13% used [0x00000006c1800000,0x00000006c2546868,0x00000006c7980000)
 Metaspace       used 33249K, capacity 35414K, committed 35456K, reserved 1079296K
  class space    used 4311K, capacity 4715K, committed 4736K, reserved 1048576K
}

